[debug] [2021-10-11T13:18:52.480Z] ----------------------------------------------------------------------
[debug] [2021-10-11T13:18:52.483Z] Command:       /usr/local/bin/node /usr/local/bin/firebase init
[debug] [2021-10-11T13:18:52.483Z] CLI Version:   9.20.0
[debug] [2021-10-11T13:18:52.483Z] Platform:      darwin
[debug] [2021-10-11T13:18:52.483Z] Node Version:  v16.5.0
[debug] [2021-10-11T13:18:52.484Z] Time:          Mon Oct 11 2021 20:18:52 GMT+0700 (Western Indonesia Time)
[debug] [2021-10-11T13:18:52.484Z] ----------------------------------------------------------------------
[debug] 
[debug] [2021-10-11T13:18:52.492Z] > command requires scopes: ["email","openid","https://www.googleapis.com/auth/cloudplatformprojects.readonly","https://www.googleapis.com/auth/firebase","https://www.googleapis.com/auth/cloud-platform"]
[debug] [2021-10-11T13:18:52.493Z] > authorizing via signed-in user (itsme.latif7@gmail.com)
[info] 
     ######## #### ########  ######## ########     ###     ######  ########
     ##        ##  ##     ## ##       ##     ##  ##   ##  ##       ##
     ######    ##  ########  ######   ########  #########  ######  ######
     ##        ##  ##    ##  ##       ##     ## ##     ##       ## ##
     ##       #### ##     ## ######## ########  ##     ##  ######  ########

You're about to initialize a Firebase project in this directory:

  /Users/apple/Learning_Path/Angular/restourant

[info] 
=== Project Setup
[info] 
[info] First, let's associate this project directory with a Firebase project.
[info] You can create multiple project aliases by running firebase use --add, 
[info] but for now we'll just set up a default project.
[info] 
[debug] [2021-10-11T13:19:31.749Z] >>> [apiv2][query] GET https://firebase.googleapis.com/v1beta1/projects pageSize=100
[debug] [2021-10-11T13:19:33.422Z] <<< [apiv2][status] GET https://firebase.googleapis.com/v1beta1/projects 200
[debug] [2021-10-11T13:19:33.422Z] <<< [apiv2][body] GET https://firebase.googleapis.com/v1beta1/projects [omitted]
[info] i  Using project angular-restourant-project (Angular-Restourant-Project) 
[info] 
=== Hosting Setup
[info] 
[info] Your public directory is the folder (relative to your project directory) that
[info] will contain Hosting assets to be uploaded with firebase deploy. If you
[info] have a build process for your assets, use your build's output directory.
[info] 
[debug] [2021-10-11T13:20:09.651Z] >>> [apiv2][query] GET https://www.gstatic.com/firebasejs/releases.json [none]
[debug] [2021-10-11T13:20:09.741Z] <<< [apiv2][status] GET https://www.gstatic.com/firebasejs/releases.json 200
[debug] [2021-10-11T13:20:09.741Z] <<< [apiv2][body] GET https://www.gstatic.com/firebasejs/releases.json {"current":{"version":"9.1.2","browserURL":"https://www.gstatic.com/firebasejs/9.1.2/firebase.js","packageURL":"https://www.gstatic.com/firebasejs/9.1.2/firebase.tgz"},"live":{"version":"9.1","browserURL":"https://www.gstatic.com/firebasejs/live/9.1/firebase.js","packageURL":"https://www.gstatic.com/firebasejs/live/9.1/firebase.tgz"},"components":{"analytics":"https://www.gstatic.com/firebasejs/9.1.2/firebase-analytics.js","app":"https://www.gstatic.com/firebasejs/9.1.2/firebase-app.js","app-check":"https://www.gstatic.com/firebasejs/9.1.2/firebase-app-check.js","auth":"https://www.gstatic.com/firebasejs/9.1.2/firebase-auth.js","auth/cordova":"https://www.gstatic.com/firebasejs/9.1.2/firebase-auth/cordova.js","auth/react-native":"https://www.gstatic.com/firebasejs/9.1.2/firebase-auth/react-native.js","functions":"https://www.gstatic.com/firebasejs/9.1.2/firebase-functions.js","firestore":"https://www.gstatic.com/firebasejs/9.1.2/firebase-firestore.js","firestore/lite":"https://www.gstatic.com/firebasejs/9.1.2/firebase-firestore/lite.js","storage":"https://www.gstatic.com/firebasejs/9.1.2/firebase-storage.js","performance":"https://www.gstatic.com/firebasejs/9.1.2/firebase-performance.js","remote-config":"https://www.gstatic.com/firebasejs/9.1.2/firebase-remote-config.js","messaging":"https://www.gstatic.com/firebasejs/9.1.2/firebase-messaging.js","messaging/sw":"https://www.gstatic.com/firebasejs/9.1.2/firebase-messaging/sw.js","database":"https://www.gstatic.com/firebasejs/9.1.2/firebase-database.js","firestore.memory":"https://www.gstatic.com/firebasejs/9.1.2/firebase-firestore.memory.js"}}
[info] ✔  Wrote public/index.html 
[info] 
[info] i  Detected a .git folder at /Users/apple/Learning_Path/Angular/restourant 
[info] i  Authorizing with GitHub to upload your service account to a GitHub repository's secrets store. 
[info] 
[info] Visit this URL on this device to log in:
[info] https://github.com/login/oauth/authorize?client_id=89cf50f02ac6aaed3484&state=443078307&redirect_uri=http%3A%2F%2Flocalhost%3A9005&scope=read%3Auser%20repo%20public_repo
[info] 
[info] Waiting for authentication...
[debug] [2021-10-11T13:21:35.112Z] ----------------------------------------------------------------------
[debug] [2021-10-11T13:21:35.114Z] Command:       /usr/local/bin/node /usr/local/bin/firebase init
[debug] [2021-10-11T13:21:35.114Z] CLI Version:   9.20.0
[debug] [2021-10-11T13:21:35.115Z] Platform:      darwin
[debug] [2021-10-11T13:21:35.115Z] Node Version:  v16.5.0
[debug] [2021-10-11T13:21:35.115Z] Time:          Mon Oct 11 2021 20:21:35 GMT+0700 (Western Indonesia Time)
[debug] [2021-10-11T13:21:35.116Z] ----------------------------------------------------------------------
[debug] 
[debug] [2021-10-11T13:21:35.122Z] > command requires scopes: ["email","openid","https://www.googleapis.com/auth/cloudplatformprojects.readonly","https://www.googleapis.com/auth/firebase","https://www.googleapis.com/auth/cloud-platform"]
[debug] [2021-10-11T13:21:35.123Z] > authorizing via signed-in user (itsme.latif7@gmail.com)
[info] 
     ######## #### ########  ######## ########     ###     ######  ########
     ##        ##  ##     ## ##       ##     ##  ##   ##  ##       ##
     ######    ##  ########  ######   ########  #########  ######  ######
     ##        ##  ##    ##  ##       ##     ## ##     ##       ## ##
     ##       #### ##     ## ######## ########  ##     ##  ######  ########

You're about to initialize a Firebase project in this directory:

  /Users/apple/Learning_Path/Angular/restourant

[info] 
=== Project Setup
[info] 
[info] First, let's associate this project directory with a Firebase project.
[info] You can create multiple project aliases by running firebase use --add, 
[info] but for now we'll just set up a default project.
[info] 
[debug] [2021-10-11T13:21:45.691Z] >>> [apiv2][query] GET https://firebase.googleapis.com/v1beta1/projects pageSize=100
[debug] [2021-10-11T13:21:46.394Z] <<< [apiv2][status] GET https://firebase.googleapis.com/v1beta1/projects 200
[debug] [2021-10-11T13:21:46.395Z] <<< [apiv2][body] GET https://firebase.googleapis.com/v1beta1/projects [omitted]
[info] i  Using project angular-restourant-project (Angular-Restourant-Project) 
[info] 
=== Hosting Setup
[info] 
[info] Your public directory is the folder (relative to your project directory) that
[info] will contain Hosting assets to be uploaded with firebase deploy. If you
[info] have a build process for your assets, use your build's output directory.
[info] 
[debug] [2021-10-11T13:21:56.499Z] >>> [apiv2][query] GET https://www.gstatic.com/firebasejs/releases.json [none]
[debug] [2021-10-11T13:21:56.582Z] <<< [apiv2][status] GET https://www.gstatic.com/firebasejs/releases.json 200
[debug] [2021-10-11T13:21:56.583Z] <<< [apiv2][body] GET https://www.gstatic.com/firebasejs/releases.json {"current":{"version":"9.1.2","browserURL":"https://www.gstatic.com/firebasejs/9.1.2/firebase.js","packageURL":"https://www.gstatic.com/firebasejs/9.1.2/firebase.tgz"},"live":{"version":"9.1","browserURL":"https://www.gstatic.com/firebasejs/live/9.1/firebase.js","packageURL":"https://www.gstatic.com/firebasejs/live/9.1/firebase.tgz"},"components":{"analytics":"https://www.gstatic.com/firebasejs/9.1.2/firebase-analytics.js","app":"https://www.gstatic.com/firebasejs/9.1.2/firebase-app.js","app-check":"https://www.gstatic.com/firebasejs/9.1.2/firebase-app-check.js","auth":"https://www.gstatic.com/firebasejs/9.1.2/firebase-auth.js","auth/cordova":"https://www.gstatic.com/firebasejs/9.1.2/firebase-auth/cordova.js","auth/react-native":"https://www.gstatic.com/firebasejs/9.1.2/firebase-auth/react-native.js","functions":"https://www.gstatic.com/firebasejs/9.1.2/firebase-functions.js","firestore":"https://www.gstatic.com/firebasejs/9.1.2/firebase-firestore.js","firestore/lite":"https://www.gstatic.com/firebasejs/9.1.2/firebase-firestore/lite.js","storage":"https://www.gstatic.com/firebasejs/9.1.2/firebase-storage.js","performance":"https://www.gstatic.com/firebasejs/9.1.2/firebase-performance.js","remote-config":"https://www.gstatic.com/firebasejs/9.1.2/firebase-remote-config.js","messaging":"https://www.gstatic.com/firebasejs/9.1.2/firebase-messaging.js","messaging/sw":"https://www.gstatic.com/firebasejs/9.1.2/firebase-messaging/sw.js","database":"https://www.gstatic.com/firebasejs/9.1.2/firebase-database.js","firestore.memory":"https://www.gstatic.com/firebasejs/9.1.2/firebase-firestore.memory.js"}}
[info] ✔  Wrote public/index.html 
[info] 
[info] i  Detected a .git folder at /Users/apple/Learning_Path/Angular/restourant 
[info] i  Authorizing with GitHub to upload your service account to a GitHub repository's secrets store. 
[info] 
[info] Visit this URL on this device to log in:
[info] https://github.com/login/oauth/authorize?client_id=89cf50f02ac6aaed3484&state=174923619&redirect_uri=http%3A%2F%2Flocalhost%3A9005&scope=read%3Auser%20repo%20public_repo
[info] 
[info] Waiting for authentication...
